[08-Nov-2024 13:08:36 UTC] PHP Fatal error:  Uncaught Error sending request to Stripe: (Status 402) (Request req_cQicAjMbaTAnTZ) Sending credit card numbers directly to the Stripe API is generally unsafe. We suggest you use test tokens that map to the test card you are using, see https://stripe.com/docs/testing. To enable raw card data APIs in test mode, see https://support.stripe.com/questions/enabling-access-to-raw-card-data-apis.
Stripe\Exception\CardException: Sending credit card numbers directly to the Stripe API is generally unsafe. We suggest you use test tokens that map to the test card you are using, see https://stripe.com/docs/testing. To enable raw card data APIs in test mode, see https://support.stripe.com/questions/enabling-access-to-raw-card-data-apis. in /home/developmenttes/public_html/stripe/vendor/stripe/stripe-php/lib/Exception/ApiErrorException.php:38
Stack trace:
#0 /home/developmenttes/public_html/stripe/vendor/stripe/stripe-php/lib/Exception/CardException.php(38): Stripe\Exception\ApiErrorException::factory('Sending credit ...', 4 in /home/developmenttes/public_html/stripe/vendor/stripe/stripe-php/lib/Exception/ApiErrorException.php on line 38
[08-Nov-2024 13:08:59 UTC] PHP Fatal error:  Uncaught Error sending request to Stripe: (Status 402) (Request req_s2jQjq14oO8ZB8) Sending credit card numbers directly to the Stripe API is generally unsafe. We suggest you use test tokens that map to the test card you are using, see https://stripe.com/docs/testing. To enable raw card data APIs in test mode, see https://support.stripe.com/questions/enabling-access-to-raw-card-data-apis.
Stripe\Exception\CardException: Sending credit card numbers directly to the Stripe API is generally unsafe. We suggest you use test tokens that map to the test card you are using, see https://stripe.com/docs/testing. To enable raw card data APIs in test mode, see https://support.stripe.com/questions/enabling-access-to-raw-card-data-apis. in /home/developmenttes/public_html/stripe/vendor/stripe/stripe-php/lib/Exception/ApiErrorException.php:38
Stack trace:
#0 /home/developmenttes/public_html/stripe/vendor/stripe/stripe-php/lib/Exception/CardException.php(38): Stripe\Exception\ApiErrorException::factory('Sending credit ...', 4 in /home/developmenttes/public_html/stripe/vendor/stripe/stripe-php/lib/Exception/ApiErrorException.php on line 38
[08-Nov-2024 13:09:02 UTC] PHP Fatal error:  Uncaught Error sending request to Stripe: (Status 402) (Request req_cSHwzCW4OC62kh) Sending credit card numbers directly to the Stripe API is generally unsafe. We suggest you use test tokens that map to the test card you are using, see https://stripe.com/docs/testing. To enable raw card data APIs in test mode, see https://support.stripe.com/questions/enabling-access-to-raw-card-data-apis.
Stripe\Exception\CardException: Sending credit card numbers directly to the Stripe API is generally unsafe. We suggest you use test tokens that map to the test card you are using, see https://stripe.com/docs/testing. To enable raw card data APIs in test mode, see https://support.stripe.com/questions/enabling-access-to-raw-card-data-apis. in /home/developmenttes/public_html/stripe/vendor/stripe/stripe-php/lib/Exception/ApiErrorException.php:38
Stack trace:
#0 /home/developmenttes/public_html/stripe/vendor/stripe/stripe-php/lib/Exception/CardException.php(38): Stripe\Exception\ApiErrorException::factory('Sending credit ...', 4 in /home/developmenttes/public_html/stripe/vendor/stripe/stripe-php/lib/Exception/ApiErrorException.php on line 38
[08-Nov-2024 13:10:04 UTC] PHP Fatal error:  Uncaught Error: Call to a member function create() on null in /home/developmenttes/public_html/stripe/process_payment.php:6
Stack trace:
#0 {main}
  thrown in /home/developmenttes/public_html/stripe/process_payment.php on line 6
[08-Nov-2024 13:10:05 UTC] PHP Fatal error:  Uncaught Error: Call to a member function create() on null in /home/developmenttes/public_html/stripe/process_payment.php:6
Stack trace:
#0 {main}
  thrown in /home/developmenttes/public_html/stripe/process_payment.php on line 6
[08-Nov-2024 13:42:38 UTC] PHP Fatal error:  Uncaught Error: Call to a member function create() on null in /home/developmenttes/public_html/stripe/process_payment.php:15
Stack trace:
#0 {main}
  thrown in /home/developmenttes/public_html/stripe/process_payment.php on line 15
[08-Nov-2024 13:42:57 UTC] PHP Fatal error:  Uncaught Error: Call to a member function create() on null in /home/developmenttes/public_html/stripe/process_payment.php:15
Stack trace:
#0 {main}
  thrown in /home/developmenttes/public_html/stripe/process_payment.php on line 15
[08-Nov-2024 13:43:15 UTC] PHP Fatal error:  Uncaught Error: Call to a member function create() on null in /home/developmenttes/public_html/stripe/process_payment.php:15
Stack trace:
#0 {main}
  thrown in /home/developmenttes/public_html/stripe/process_payment.php on line 15
[10-Nov-2024 17:40:02 UTC] PHP Fatal error:  Uncaught Error: Call to a member function create() on null in /home/developmenttes/public_html/stripe/process_payment.php:63
Stack trace:
#0 {main}
  thrown in /home/developmenttes/public_html/stripe/process_payment.php on line 63
[10-Nov-2024 17:40:48 UTC] PHP Fatal error:  Uncaught Error: Call to a member function create() on null in /home/developmenttes/public_html/stripe/process_payment.php:63
Stack trace:
#0 {main}
  thrown in /home/developmenttes/public_html/stripe/process_payment.php on line 63
[10-Nov-2024 17:41:34 UTC] PHP Fatal error:  Uncaught Error: Call to a member function create() on null in /home/developmenttes/public_html/stripe/process_payment.php:63
Stack trace:
#0 {main}
  thrown in /home/developmenttes/public_html/stripe/process_payment.php on line 63
[10-Nov-2024 17:42:49 UTC] PHP Fatal error:  Uncaught Error: Call to a member function create() on null in /home/developmenttes/public_html/stripe/process_payment.php:63
Stack trace:
#0 {main}
  thrown in /home/developmenttes/public_html/stripe/process_payment.php on line 63
[11-Nov-2024 06:49:45 UTC] PHP Deprecated:  Non-static method Stripe\PaymentIntent::confirm() should not be called statically in /home/developmenttes/public_html/stripe/process_payment.php on line 33
[11-Nov-2024 06:49:45 UTC] PHP Fatal error:  Uncaught Error: Using $this when not in object context in /home/developmenttes/public_html/stripe/vendor/stripe/stripe-php/lib/PaymentIntent.php:258
Stack trace:
#0 /home/developmenttes/public_html/stripe/process_payment.php(36): Stripe\PaymentIntent::confirm(NULL, Array)
#1 {main}
  thrown in /home/developmenttes/public_html/stripe/vendor/stripe/stripe-php/lib/PaymentIntent.php on line 258
[11-Nov-2024 06:50:03 UTC] PHP Deprecated:  Non-static method Stripe\PaymentIntent::confirm() should not be called statically in /home/developmenttes/public_html/stripe/process_payment.php on line 33
[11-Nov-2024 06:50:03 UTC] PHP Fatal error:  Uncaught Error: Using $this when not in object context in /home/developmenttes/public_html/stripe/vendor/stripe/stripe-php/lib/PaymentIntent.php:258
Stack trace:
#0 /home/developmenttes/public_html/stripe/process_payment.php(36): Stripe\PaymentIntent::confirm(NULL, Array)
#1 {main}
  thrown in /home/developmenttes/public_html/stripe/vendor/stripe/stripe-php/lib/PaymentIntent.php on line 258
[11-Nov-2024 06:51:47 UTC] PHP Deprecated:  Non-static method Stripe\PaymentIntent::confirm() should not be called statically in /home/developmenttes/public_html/stripe/process_payment.php on line 33
[11-Nov-2024 06:51:47 UTC] PHP Fatal error:  Uncaught Error: Using $this when not in object context in /home/developmenttes/public_html/stripe/vendor/stripe/stripe-php/lib/PaymentIntent.php:258
Stack trace:
#0 /home/developmenttes/public_html/stripe/process_payment.php(36): Stripe\PaymentIntent::confirm('pi_3QJrTTExmAZQ...', Array)
#1 {main}
  thrown in /home/developmenttes/public_html/stripe/vendor/stripe/stripe-php/lib/PaymentIntent.php on line 258
[11-Nov-2024 06:52:16 UTC] PHP Deprecated:  Non-static method Stripe\PaymentIntent::confirm() should not be called statically in /home/developmenttes/public_html/stripe/process_payment.php on line 33
[11-Nov-2024 06:52:16 UTC] PHP Fatal error:  Uncaught Error: Using $this when not in object context in /home/developmenttes/public_html/stripe/vendor/stripe/stripe-php/lib/PaymentIntent.php:258
Stack trace:
#0 /home/developmenttes/public_html/stripe/process_payment.php(36): Stripe\PaymentIntent::confirm('pi_3QJrTxExmAZQ...', Array)
#1 {main}
  thrown in /home/developmenttes/public_html/stripe/vendor/stripe/stripe-php/lib/PaymentIntent.php on line 258
[11-Nov-2024 07:04:07 UTC] PHP Deprecated:  Non-static method Stripe\PaymentIntent::confirm() should not be called statically in /home/developmenttes/public_html/stripe/process_payment.php on line 33
[11-Nov-2024 07:04:07 UTC] PHP Fatal error:  Uncaught Error: Using $this when not in object context in /home/developmenttes/public_html/stripe/vendor/stripe/stripe-php/lib/PaymentIntent.php:258
Stack trace:
#0 /home/developmenttes/public_html/stripe/process_payment.php(36): Stripe\PaymentIntent::confirm('pi_3QJrfQExmAZQ...', Array)
#1 {main}
  thrown in /home/developmenttes/public_html/stripe/vendor/stripe/stripe-php/lib/PaymentIntent.php on line 258
[11-Nov-2024 07:05:09 UTC] PHP Deprecated:  Non-static method Stripe\PaymentIntent::confirm() should not be called statically in /home/developmenttes/public_html/stripe/process_payment.php on line 33
[11-Nov-2024 07:05:09 UTC] PHP Fatal error:  Uncaught Error: Using $this when not in object context in /home/developmenttes/public_html/stripe/vendor/stripe/stripe-php/lib/PaymentIntent.php:258
Stack trace:
#0 /home/developmenttes/public_html/stripe/process_payment.php(36): Stripe\PaymentIntent::confirm('pi_3QJrgQExmAZQ...', Array)
#1 {main}
  thrown in /home/developmenttes/public_html/stripe/vendor/stripe/stripe-php/lib/PaymentIntent.php on line 258
[11-Nov-2024 07:07:53 UTC] PHP Deprecated:  Non-static method Stripe\PaymentIntent::confirm() should not be called statically in /home/developmenttes/public_html/stripe/process_payment.php on line 35
[11-Nov-2024 07:07:53 UTC] PHP Fatal error:  Uncaught Error: Using $this when not in object context in /home/developmenttes/public_html/stripe/vendor/stripe/stripe-php/lib/PaymentIntent.php:258
Stack trace:
#0 /home/developmenttes/public_html/stripe/process_payment.php(38): Stripe\PaymentIntent::confirm('pi_3QJrj4ExmAZQ...', Array)
#1 {main}
  thrown in /home/developmenttes/public_html/stripe/vendor/stripe/stripe-php/lib/PaymentIntent.php on line 258
[11-Nov-2024 07:08:55 UTC] PHP Fatal error:  Uncaught Error: Call to undefined function dierror_reporting() in /home/developmenttes/public_html/stripe/process_payment.php:3
Stack trace:
#0 {main}
  thrown in /home/developmenttes/public_html/stripe/process_payment.php on line 3
[11-Nov-2024 07:08:57 UTC] PHP Fatal error:  Uncaught Error: Call to undefined function dierror_reporting() in /home/developmenttes/public_html/stripe/process_payment.php:3
Stack trace:
#0 {main}
  thrown in /home/developmenttes/public_html/stripe/process_payment.php on line 3
[11-Nov-2024 07:09:00 UTC] PHP Fatal error:  Uncaught Error: Call to undefined function dierror_reporting() in /home/developmenttes/public_html/stripe/process_payment.php:3
Stack trace:
#0 {main}
  thrown in /home/developmenttes/public_html/stripe/process_payment.php on line 3
[11-Nov-2024 07:18:33 UTC] PHP Fatal error:  Uncaught Error: Call to undefined function dierror_reporting() in /home/developmenttes/public_html/stripe/process_payment.php:3
Stack trace:
#0 {main}
  thrown in /home/developmenttes/public_html/stripe/process_payment.php on line 3
[11-Nov-2024 09:31:47 UTC] PHP Warning:  mysqli::__construct(): (HY000/1045): Access denied for user ''@'localhost' (using password: NO) in /home/developmenttes/public_html/stripe/process_payment.php on line 20
[11-Nov-2024 09:32:42 UTC] PHP Warning:  mysqli::__construct(): (HY000/1045): Access denied for user ''@'localhost' (using password: NO) in /home/developmenttes/public_html/stripe/process_payment.php on line 20
[11-Nov-2024 09:32:42 UTC] PHP Notice:  Undefined index: amount in /home/developmenttes/public_html/stripe/process_payment.php on line 30
[11-Nov-2024 09:38:56 UTC] PHP Warning:  Use of undefined constant DB_USER - assumed 'DB_USER' (this will throw an Error in a future version of PHP) in /home/developmenttes/public_html/stripe/process_payment.php on line 11
[11-Nov-2024 09:38:58 UTC] PHP Warning:  Use of undefined constant DB_USER - assumed 'DB_USER' (this will throw an Error in a future version of PHP) in /home/developmenttes/public_html/stripe/process_payment.php on line 11
[11-Nov-2024 09:38:59 UTC] PHP Warning:  Use of undefined constant DB_USER - assumed 'DB_USER' (this will throw an Error in a future version of PHP) in /home/developmenttes/public_html/stripe/process_payment.php on line 11
[11-Nov-2024 09:39:34 UTC] PHP Warning:  Use of undefined constant DB_USER - assumed 'DB_USER' (this will throw an Error in a future version of PHP) in /home/developmenttes/public_html/stripe/process_payment.php on line 11
[11-Nov-2024 09:39:36 UTC] PHP Warning:  Use of undefined constant DB_USER - assumed 'DB_USER' (this will throw an Error in a future version of PHP) in /home/developmenttes/public_html/stripe/process_payment.php on line 11
[11-Nov-2024 09:41:14 UTC] PHP Warning:  Use of undefined constant DB_USER - assumed 'DB_USER' (this will throw an Error in a future version of PHP) in /home/developmenttes/public_html/stripe/process_payment.php on line 11
[11-Nov-2024 09:41:15 UTC] PHP Warning:  Use of undefined constant DB_USER - assumed 'DB_USER' (this will throw an Error in a future version of PHP) in /home/developmenttes/public_html/stripe/process_payment.php on line 11
[11-Nov-2024 09:41:17 UTC] PHP Warning:  Use of undefined constant DB_USER - assumed 'DB_USER' (this will throw an Error in a future version of PHP) in /home/developmenttes/public_html/stripe/process_payment.php on line 11
[11-Nov-2024 09:42:57 UTC] PHP Warning:  Use of undefined constant DB_USER - assumed 'DB_USER' (this will throw an Error in a future version of PHP) in /home/developmenttes/public_html/stripe/process_payment.php on line 11
[11-Nov-2024 09:43:03 UTC] PHP Warning:  Use of undefined constant DB_USER - assumed 'DB_USER' (this will throw an Error in a future version of PHP) in /home/developmenttes/public_html/stripe/process_payment.php on line 11
[11-Nov-2024 09:44:09 UTC] PHP Warning:  Use of undefined constant DB_USER - assumed 'DB_USER' (this will throw an Error in a future version of PHP) in /home/developmenttes/public_html/stripe/process_payment.php on line 11
[11-Nov-2024 09:47:29 UTC] PHP Fatal error:  Uncaught Error: Class 'Dotenv\Dotenv\Dotenv' not found in /home/developmenttes/public_html/stripe/process_payment.php:6
Stack trace:
#0 {main}
  thrown in /home/developmenttes/public_html/stripe/process_payment.php on line 6
[11-Nov-2024 09:47:44 UTC] PHP Fatal error:  Uncaught Error: Class 'Dotenv\Dotenv\Dotenv' not found in /home/developmenttes/public_html/stripe/process_payment.php:6
Stack trace:
#0 {main}
  thrown in /home/developmenttes/public_html/stripe/process_payment.php on line 6
[11-Nov-2024 09:49:19 UTC] PHP Fatal error:  Uncaught Error: Class 'Dotenv\Dotenv\Dotenv' not found in /home/developmenttes/public_html/stripe/process_payment.php:6
Stack trace:
#0 {main}
  thrown in /home/developmenttes/public_html/stripe/process_payment.php on line 6
[11-Nov-2024 09:49:21 UTC] PHP Fatal error:  Uncaught Error: Class 'Dotenv\Dotenv\Dotenv' not found in /home/developmenttes/public_html/stripe/process_payment.php:6
Stack trace:
#0 {main}
  thrown in /home/developmenttes/public_html/stripe/process_payment.php on line 6
[11-Nov-2024 09:49:23 UTC] PHP Fatal error:  Uncaught Error: Class 'Dotenv\Dotenv\Dotenv' not found in /home/developmenttes/public_html/stripe/process_payment.php:6
Stack trace:
#0 {main}
  thrown in /home/developmenttes/public_html/stripe/process_payment.php on line 6
[11-Nov-2024 09:49:24 UTC] PHP Fatal error:  Uncaught Error: Class 'Dotenv\Dotenv\Dotenv' not found in /home/developmenttes/public_html/stripe/process_payment.php:6
Stack trace:
#0 {main}
  thrown in /home/developmenttes/public_html/stripe/process_payment.php on line 6
[11-Nov-2024 09:49:51 UTC] PHP Fatal error:  Uncaught Error: Class 'Dotenv\Dotenv\Dotenv' not found in /home/developmenttes/public_html/stripe/process_payment.php:6
Stack trace:
#0 {main}
  thrown in /home/developmenttes/public_html/stripe/process_payment.php on line 6
[11-Nov-2024 10:06:09 UTC] PHP Fatal error:  Uncaught Error: Function name must be a string in /home/developmenttes/public_html/stripe/process_payment.php:13
Stack trace:
#0 {main}
  thrown in /home/developmenttes/public_html/stripe/process_payment.php on line 13
[11-Nov-2024 10:06:34 UTC] PHP Fatal error:  Uncaught Error: Function name must be a string in /home/developmenttes/public_html/stripe/process_payment.php:13
Stack trace:
#0 {main}
  thrown in /home/developmenttes/public_html/stripe/process_payment.php on line 13
[11-Nov-2024 10:06:36 UTC] PHP Fatal error:  Uncaught Error: Function name must be a string in /home/developmenttes/public_html/stripe/process_payment.php:13
Stack trace:
#0 {main}
  thrown in /home/developmenttes/public_html/stripe/process_payment.php on line 13
[11-Nov-2024 10:06:37 UTC] PHP Fatal error:  Uncaught Error: Function name must be a string in /home/developmenttes/public_html/stripe/process_payment.php:13
Stack trace:
#0 {main}
  thrown in /home/developmenttes/public_html/stripe/process_payment.php on line 13
[11-Nov-2024 10:06:47 UTC] PHP Fatal error:  Uncaught Error: Function name must be a string in /home/developmenttes/public_html/stripe/process_payment.php:13
Stack trace:
#0 {main}
  thrown in /home/developmenttes/public_html/stripe/process_payment.php on line 13
[11-Nov-2024 10:06:49 UTC] PHP Fatal error:  Uncaught Error: Function name must be a string in /home/developmenttes/public_html/stripe/process_payment.php:13
Stack trace:
#0 {main}
  thrown in /home/developmenttes/public_html/stripe/process_payment.php on line 13
[11-Nov-2024 10:11:41 UTC] PHP Warning:  Use of undefined constant DBUSER - assumed 'DBUSER' (this will throw an Error in a future version of PHP) in /home/developmenttes/public_html/stripe/process_payment.php on line 11
[11-Nov-2024 10:15:08 UTC] PHP Fatal error:  Uncaught Error: Function name must be a string in /home/developmenttes/public_html/stripe/process_payment.php:14
Stack trace:
#0 {main}
  thrown in /home/developmenttes/public_html/stripe/process_payment.php on line 14
[11-Nov-2024 10:15:30 UTC] PHP Fatal error:  Uncaught Error: Function name must be a string in /home/developmenttes/public_html/stripe/process_payment.php:14
Stack trace:
#0 {main}
  thrown in /home/developmenttes/public_html/stripe/process_payment.php on line 14
[11-Nov-2024 10:15:31 UTC] PHP Fatal error:  Uncaught Error: Function name must be a string in /home/developmenttes/public_html/stripe/process_payment.php:14
Stack trace:
#0 {main}
  thrown in /home/developmenttes/public_html/stripe/process_payment.php on line 14
[11-Nov-2024 10:15:56 UTC] PHP Fatal error:  Uncaught Error: Function name must be a string in /home/developmenttes/public_html/stripe/process_payment.php:14
Stack trace:
#0 {main}
  thrown in /home/developmenttes/public_html/stripe/process_payment.php on line 14
[11-Nov-2024 10:15:58 UTC] PHP Fatal error:  Uncaught Error: Function name must be a string in /home/developmenttes/public_html/stripe/process_payment.php:14
Stack trace:
#0 {main}
  thrown in /home/developmenttes/public_html/stripe/process_payment.php on line 14
[11-Nov-2024 10:16:00 UTC] PHP Fatal error:  Uncaught Error: Function name must be a string in /home/developmenttes/public_html/stripe/process_payment.php:14
Stack trace:
#0 {main}
  thrown in /home/developmenttes/public_html/stripe/process_payment.php on line 14
[11-Nov-2024 10:18:38 UTC] PHP Notice:  Undefined variable: dbName in /home/developmenttes/public_html/stripe/process_payment.php on line 22
[11-Nov-2024 10:18:38 UTC] PHP Warning:  mysqli::__construct(): (HY000/1045): Access denied for user ''@'localhost' (using password: YES) in /home/developmenttes/public_html/stripe/process_payment.php on line 22
[11-Nov-2024 10:18:38 UTC] PHP Notice:  Undefined index: amount in /home/developmenttes/public_html/stripe/process_payment.php on line 32
[11-Nov-2024 10:19:18 UTC] PHP Warning:  mysqli::__construct(): (HY000/1045): Access denied for user 'developmenttes_stripe'@'localhost' (using password: YES) in /home/developmenttes/public_html/stripe/process_payment.php on line 22
[11-Nov-2024 10:19:18 UTC] PHP Notice:  Undefined index: amount in /home/developmenttes/public_html/stripe/process_payment.php on line 32
[11-Nov-2024 10:19:22 UTC] PHP Warning:  mysqli::__construct(): (HY000/1045): Access denied for user 'developmenttes_stripe'@'localhost' (using password: YES) in /home/developmenttes/public_html/stripe/process_payment.php on line 22
[11-Nov-2024 10:19:22 UTC] PHP Notice:  Undefined index: amount in /home/developmenttes/public_html/stripe/process_payment.php on line 32
[11-Nov-2024 10:19:41 UTC] PHP Warning:  mysqli::__construct(): (HY000/1045): Access denied for user 'developmenttes_stripe'@'localhost' (using password: YES) in /home/developmenttes/public_html/stripe/process_payment.php on line 22
[11-Nov-2024 10:19:41 UTC] PHP Notice:  Undefined index: amount in /home/developmenttes/public_html/stripe/process_payment.php on line 32
[11-Nov-2024 10:20:09 UTC] PHP Warning:  mysqli::__construct(): (HY000/1045): Access denied for user 'developmenttes_stripe'@'localhost' (using password: YES) in /home/developmenttes/public_html/stripe/process_payment.php on line 22
[11-Nov-2024 10:20:09 UTC] PHP Notice:  Undefined index: amount in /home/developmenttes/public_html/stripe/process_payment.php on line 32
[11-Nov-2024 10:20:22 UTC] PHP Warning:  mysqli::__construct(): (HY000/1045): Access denied for user 'developmenttes_stripe'@'localhost' (using password: YES) in /home/developmenttes/public_html/stripe/process_payment.php on line 22
[11-Nov-2024 10:20:22 UTC] PHP Notice:  Undefined index: amount in /home/developmenttes/public_html/stripe/process_payment.php on line 32
[11-Nov-2024 10:20:26 UTC] PHP Warning:  mysqli::__construct(): (HY000/1045): Access denied for user 'developmenttes_stripe'@'localhost' (using password: YES) in /home/developmenttes/public_html/stripe/process_payment.php on line 22
[11-Nov-2024 10:20:26 UTC] PHP Notice:  Undefined index: amount in /home/developmenttes/public_html/stripe/process_payment.php on line 32
[11-Nov-2024 10:20:37 UTC] PHP Warning:  mysqli::__construct(): (HY000/1045): Access denied for user 'developmenttes_stripe'@'localhost' (using password: YES) in /home/developmenttes/public_html/stripe/process_payment.php on line 22
[11-Nov-2024 10:20:38 UTC] PHP Warning:  mysqli::prepare(): Couldn't fetch mysqli in /home/developmenttes/public_html/stripe/process_payment.php on line 51
[11-Nov-2024 10:20:38 UTC] PHP Fatal error:  Uncaught Error: Call to a member function bind_param() on bool in /home/developmenttes/public_html/stripe/process_payment.php:53
Stack trace:
#0 {main}
  thrown in /home/developmenttes/public_html/stripe/process_payment.php on line 53
[11-Nov-2024 10:21:42 UTC] PHP Warning:  mysqli::__construct(): (HY000/1045): Access denied for user 'developmenttes_stripe'@'localhost' (using password: YES) in /home/developmenttes/public_html/stripe/process_payment.php on line 22
[11-Nov-2024 10:21:43 UTC] PHP Warning:  mysqli::prepare(): Couldn't fetch mysqli in /home/developmenttes/public_html/stripe/process_payment.php on line 51
[11-Nov-2024 10:21:43 UTC] PHP Fatal error:  Uncaught Error: Call to a member function bind_param() on bool in /home/developmenttes/public_html/stripe/process_payment.php:53
Stack trace:
#0 {main}
  thrown in /home/developmenttes/public_html/stripe/process_payment.php on line 53
[11-Nov-2024 10:21:46 UTC] PHP Warning:  mysqli::__construct(): (HY000/1045): Access denied for user 'developmenttes_stripe'@'localhost' (using password: YES) in /home/developmenttes/public_html/stripe/process_payment.php on line 22
[11-Nov-2024 10:21:47 UTC] PHP Warning:  mysqli::prepare(): Couldn't fetch mysqli in /home/developmenttes/public_html/stripe/process_payment.php on line 51
[11-Nov-2024 10:21:47 UTC] PHP Fatal error:  Uncaught Error: Call to a member function bind_param() on bool in /home/developmenttes/public_html/stripe/process_payment.php:53
Stack trace:
#0 {main}
  thrown in /home/developmenttes/public_html/stripe/process_payment.php on line 53
[11-Nov-2024 10:23:04 UTC] PHP Warning:  mysqli::__construct(): (HY000/1045): Access denied for user 'developmenttes_stripe'@'localhost' (using password: YES) in /home/developmenttes/public_html/stripe/process_payment.php on line 22
[11-Nov-2024 10:24:09 UTC] PHP Warning:  mysqli::__construct(): (HY000/1045): Access denied for user 'developmenttes_stripe'@'localhost' (using password: YES) in /home/developmenttes/public_html/stripe/process_payment.php on line 22
[11-Nov-2024 10:24:27 UTC] PHP Warning:  mysqli::__construct(): (HY000/1045): Access denied for user 'developmenttes_stripe'@'localhost' (using password: YES) in /home/developmenttes/public_html/stripe/process_payment.php on line 22
[11-Nov-2024 10:27:53 UTC] PHP Warning:  mysqli::__construct(): (HY000/1045): Access denied for user 'developmenttes_stripe'@'localhost' (using password: YES) in /home/developmenttes/public_html/stripe/process_payment.php on line 22
[11-Nov-2024 10:28:23 UTC] PHP Warning:  mysqli::__construct(): (HY000/1045): Access denied for user 'developmenttes_stripe'@'localhost' (using password: YES) in /home/developmenttes/public_html/stripe/process_payment.php on line 22
[11-Nov-2024 10:32:02 UTC] PHP Warning:  mysqli::__construct(): (HY000/1045): Access denied for user 'developmenttes_stripe'@'localhost' (using password: YES) in /home/developmenttes/public_html/stripe/process_payment.php on line 23
[11-Nov-2024 10:36:05 UTC] PHP Warning:  mysqli::__construct(): (HY000/1045): Access denied for user 'developmenttes_stripe'@'localhost' (using password: YES) in /home/developmenttes/public_html/stripe/process_payment.php on line 23
[11-Nov-2024 10:36:41 UTC] PHP Warning:  mysqli::__construct(): (HY000/1045): Access denied for user 'developmenttes_stripe'@'localhost' (using password: YES) in /home/developmenttes/public_html/stripe/process_payment.php on line 23
[11-Nov-2024 10:37:19 UTC] PHP Warning:  mysqli::__construct(): php_network_getaddresses: getaddrinfo failed: Name or service not known in /home/developmenttes/public_html/stripe/process_payment.php on line 23
[11-Nov-2024 10:37:19 UTC] PHP Warning:  mysqli::__construct(): (HY000/2002): php_network_getaddresses: getaddrinfo failed: Name or service not known in /home/developmenttes/public_html/stripe/process_payment.php on line 23
[11-Nov-2024 10:39:30 UTC] PHP Fatal error:  Uncaught Error: Call to a member function bind_param() on bool in /home/developmenttes/public_html/stripe/process_payment.php:48
Stack trace:
#0 {main}
  thrown in /home/developmenttes/public_html/stripe/process_payment.php on line 48
[11-Nov-2024 10:50:21 UTC] PHP Fatal error:  Uncaught Error: Call to a member function bind_param() on bool in /home/developmenttes/public_html/stripe/process_payment.php:52
Stack trace:
#0 {main}
  thrown in /home/developmenttes/public_html/stripe/process_payment.php on line 52
[11-Nov-2024 10:54:07 UTC] PHP Notice:  Undefined index: amount in /home/developmenttes/public_html/stripe/process_payment.php on line 30
[11-Nov-2024 10:54:13 UTC] PHP Fatal error:  Uncaught Error: Call to a member function bind_param() on bool in /home/developmenttes/public_html/stripe/process_payment.php:52
Stack trace:
#0 {main}
  thrown in /home/developmenttes/public_html/stripe/process_payment.php on line 52
[11-Nov-2024 10:59:50 UTC] PHP Fatal error:  Uncaught Error: Call to a member function bind_param() on bool in /home/developmenttes/public_html/stripe/process_payment.php:52
Stack trace:
#0 {main}
  thrown in /home/developmenttes/public_html/stripe/process_payment.php on line 52
[11-Nov-2024 11:04:34 UTC] PHP Fatal error:  Uncaught Error: Cannot pass parameter 8 by reference in /home/developmenttes/public_html/stripe/process_payment.php:62
Stack trace:
#0 {main}
  thrown in /home/developmenttes/public_html/stripe/process_payment.php on line 62
[11-Nov-2024 11:05:41 UTC] PHP Fatal error:  Uncaught Error: Cannot pass parameter 8 by reference in /home/developmenttes/public_html/stripe/process_payment.php:62
Stack trace:
#0 {main}
  thrown in /home/developmenttes/public_html/stripe/process_payment.php on line 62
[11-Nov-2024 11:06:21 UTC] PHP Fatal error:  Uncaught Error: Cannot pass parameter 8 by reference in /home/developmenttes/public_html/stripe/process_payment.php:62
Stack trace:
#0 {main}
  thrown in /home/developmenttes/public_html/stripe/process_payment.php on line 62
[11-Nov-2024 11:08:26 UTC] PHP Warning:  mysqli_stmt::bind_param(): Number of elements in type definition string doesn't match number of bind variables in /home/developmenttes/public_html/stripe/process_payment.php on line 62
[11-Nov-2024 11:29:50 UTC] PHP Warning:  mysqli::__construct(): (HY000/1045): Access denied for user 'db_user'@'localhost' (using password: YES) in /home/developmenttes/public_html/stripe/webhook.php on line 54
[11-Nov-2024 11:31:13 UTC] PHP Warning:  mysqli::__construct(): (HY000/1045): Access denied for user 'db_user'@'localhost' (using password: YES) in /home/developmenttes/public_html/stripe/webhook.php on line 54
